[09-Nov-2016 09:57:57 Europe/Paris] PHP Notice:  Undefined index: numClient in /home/UNIV-LYON1/p1503940/public_html/ptut/controleur/connexion/index.php on line 16
[09-Nov-2016 10:00:13 Europe/Paris] PHP Notice:  Undefined index: numClient in /home/UNIV-LYON1/p1503940/public_html/ptut/controleur/connexion/index.php on line 16
[09-Nov-2016 10:01:32 Europe/Paris] PHP Notice:  Undefined index: numClient in /home/UNIV-LYON1/p1503940/public_html/ptut/controleur/connexion/index.php on line 16
[10-Nov-2016 10:03:51 Europe/Paris] PHP Notice:  Undefined index: numClient in /home/UNIV-LYON1/p1503940/public_html/ptut/controleur/connexion/index.php on line 16
[10-Nov-2016 10:06:53 Europe/Paris] PHP Notice:  Undefined index: numClient in /home/UNIV-LYON1/p1503940/public_html/ptut/controleur/connexion/index.php on line 16
[10-Nov-2016 10:08:42 Europe/Paris] PHP Notice:  Undefined index: numClient in /home/UNIV-LYON1/p1503940/public_html/ptut/controleur/connexion/index.php on line 16
[10-Nov-2016 10:27:52 Europe/Paris] PHP Notice:  Undefined index: numClient in /home/UNIV-LYON1/p1503940/public_html/ptut/controleur/connexion/index.php on line 16
[22-Nov-2016 13:49:43 Europe/Paris] PHP Fatal error:  Call to undefined function executerRequete() in /home/UNIV-LYON1/p1503940/public_html/ptut/modele/connexion/ConnexionModel.php on line 7
[22-Nov-2016 13:50:48 Europe/Paris] PHP Fatal error:  Call to undefined function executerRequete() in /home/UNIV-LYON1/p1503940/public_html/ptut/modele/carte/CarteModel.php on line 7
[22-Nov-2016 13:51:23 Europe/Paris] PHP Fatal error:  Call to undefined function executerRequete() in /home/UNIV-LYON1/p1503940/public_html/ptut/modele/carte/CarteModel.php on line 7
[22-Nov-2016 13:51:35 Europe/Paris] PHP Fatal error:  Call to undefined function executerRequete() in /home/UNIV-LYON1/p1503940/public_html/ptut/modele/carte/CarteModel.php on line 7
[23-Nov-2016 09:37:43 Europe/Paris] PHP Fatal error:  Call to undefined function executerRequete() in /home/UNIV-LYON1/p1503940/public_html/ptut/modele/carte/CarteModel.php on line 7
[23-Nov-2016 09:44:04 Europe/Paris] PHP Fatal error:  Call to undefined function executerRequete() in /home/UNIV-LYON1/p1503940/public_html/ptut/modele/carte/CarteModel.php on line 7
[23-Nov-2016 09:44:14 Europe/Paris] PHP Fatal error:  Call to undefined function executerRequete() in /home/UNIV-LYON1/p1503940/public_html/ptut/modele/carte/CarteModel.php on line 7
[23-Nov-2016 09:45:25 Europe/Paris] PHP Fatal error:  Call to undefined function executerRequete() in /home/UNIV-LYON1/p1503940/public_html/ptut/modele/carte/CarteModel.php on line 9
[23-Nov-2016 09:45:27 Europe/Paris] PHP Fatal error:  Call to undefined function executerRequete() in /home/UNIV-LYON1/p1503940/public_html/ptut/modele/carte/CarteModel.php on line 9
[23-Nov-2016 09:45:27 Europe/Paris] PHP Fatal error:  Call to undefined function executerRequete() in /home/UNIV-LYON1/p1503940/public_html/ptut/modele/carte/CarteModel.php on line 9
[23-Nov-2016 09:45:27 Europe/Paris] PHP Fatal error:  Call to undefined function executerRequete() in /home/UNIV-LYON1/p1503940/public_html/ptut/modele/carte/CarteModel.php on line 9
[24-Nov-2016 10:05:54 Europe/Paris] PHP Fatal error:  Uncaught exception 'PDOException' with message 'SQLSTATE[23000]: Integrity constraint violation: 1062 Duplicate entry '0' for key 'PRIMARY'' in /home/UNIV-LYON1/p1503940/public_html/ptut/modele/Model.php:18
Stack trace:
#0 /home/UNIV-LYON1/p1503940/public_html/ptut/modele/Model.php(18): PDOStatement->execute(Array)
#1 /home/UNIV-LYON1/p1503940/public_html/ptut/modele/inscription/InscriptionModel.php(7): Model->executerRequete('insert into uti...', Array)
#2 /home/UNIV-LYON1/p1503940/public_html/ptut/controleur/inscription/index.php(47): InscriptionModel->inscription('axel', '7110eda4d09e062...', 'axel@axel.fr')
#3 /home/UNIV-LYON1/p1503940/public_html/ptut/inscription.php(7): include('/home/UNIV-LYON...')
#4 {main}
  thrown in /home/UNIV-LYON1/p1503940/public_html/ptut/modele/Model.php on line 18
[24-Nov-2016 10:13:34 Europe/Paris] PHP Fatal error:  Uncaught exception 'PDOException' with message 'SQLSTATE[42S22]: Column not found: 1054 Unknown column 'email' in 'field list'' in /home/UNIV-LYON1/p1503940/public_html/ptut/modele/Model.php:18
Stack trace:
#0 /home/UNIV-LYON1/p1503940/public_html/ptut/modele/Model.php(18): PDOStatement->execute(Array)
#1 /home/UNIV-LYON1/p1503940/public_html/ptut/modele/inscription/InscriptionModel.php(7): Model->executerRequete('insert into uti...', Array)
#2 /home/UNIV-LYON1/p1503940/public_html/ptut/controleur/inscription/index.php(47): InscriptionModel->inscription('axel', '7110eda4d09e062...', 'axel@axel.fr')
#3 /home/UNIV-LYON1/p1503940/public_html/ptut/inscription.php(7): include('/home/UNIV-LYON...')
#4 {main}
  thrown in /home/UNIV-LYON1/p1503940/public_html/ptut/modele/Model.php on line 18
[24-Nov-2016 10:13:47 Europe/Paris] PHP Fatal error:  Uncaught exception 'PDOException' with message 'SQLSTATE[42S22]: Column not found: 1054 Unknown column 'email' in 'field list'' in /home/UNIV-LYON1/p1503940/public_html/ptut/modele/Model.php:18
Stack trace:
#0 /home/UNIV-LYON1/p1503940/public_html/ptut/modele/Model.php(18): PDOStatement->execute(Array)
#1 /home/UNIV-LYON1/p1503940/public_html/ptut/modele/inscription/InscriptionModel.php(7): Model->executerRequete('insert into uti...', Array)
#2 /home/UNIV-LYON1/p1503940/public_html/ptut/controleur/inscription/index.php(47): InscriptionModel->inscription('axel', '7110eda4d09e062...', 'axel@axel.fr')
#3 /home/UNIV-LYON1/p1503940/public_html/ptut/inscription.php(7): include('/home/UNIV-LYON...')
#4 {main}
  thrown in /home/UNIV-LYON1/p1503940/public_html/ptut/modele/Model.php on line 18
[24-Nov-2016 10:52:46 Europe/Paris] PHP Notice:  Undefined index: numClient in /home/UNIV-LYON1/p1503940/public_html/ptut/controleur/connexion/index.php on line 18
[24-Nov-2016 11:08:03 Europe/Paris] PHP Notice:  Undefined index: numClient in /home/UNIV-LYON1/p1503940/public_html/ptut/controleur/connexion/index.php on line 18
[24-Nov-2016 11:18:48 Europe/Paris] PHP Notice:  Undefined variable: serveur in /home/UNIV-LYON1/p1503940/public_html/ptut/modele/Model.php on line 31
[24-Nov-2016 11:18:48 Europe/Paris] PHP Notice:  Undefined variable: base in /home/UNIV-LYON1/p1503940/public_html/ptut/modele/Model.php on line 31
[24-Nov-2016 11:18:48 Europe/Paris] PHP Notice:  Undefined variable: utilisateur in /home/UNIV-LYON1/p1503940/public_html/ptut/modele/Model.php on line 31
[24-Nov-2016 11:18:48 Europe/Paris] PHP Notice:  Undefined variable: mdp in /home/UNIV-LYON1/p1503940/public_html/ptut/modele/Model.php on line 31
[24-Nov-2016 11:18:48 Europe/Paris] PHP Fatal error:  Call to a member function exec() on a non-object in /home/UNIV-LYON1/p1503940/public_html/ptut/modele/Model.php on line 38
[24-Nov-2016 11:20:31 Europe/Paris] PHP Parse error:  syntax error, unexpected '<' in /home/UNIV-LYON1/p1503940/public_html/ptut/index.php on line 35
[24-Nov-2016 11:21:27 Europe/Paris] PHP Notice:  Undefined index: numClient in /home/UNIV-LYON1/p1503940/public_html/ptut/controleur/connexion/index.php on line 18
[12-Jan-2017 14:08:55 Europe/Paris] PHP Warning:  require_once(modele/UserManager.php): failed to open stream: No such file or directory in /home/UNIV-LYON1/p1402690/public_html/ptut/MVC/controleur/connexionControleur.php on line 2
[12-Jan-2017 14:08:55 Europe/Paris] PHP Fatal error:  require_once(): Failed opening required 'modele/UserManager.php' (include_path='.:/usr/share/php:/usr/share/pear') in /home/UNIV-LYON1/p1402690/public_html/ptut/MVC/controleur/connexionControleur.php on line 2
[12-Jan-2017 14:09:44 Europe/Paris] PHP Warning:  require_once(modele/UserManager.php): failed to open stream: No such file or directory in /home/UNIV-LYON1/p1402690/public_html/ptut/MVC/controleur/connexionControleur.php on line 2
[12-Jan-2017 14:09:44 Europe/Paris] PHP Fatal error:  require_once(): Failed opening required 'modele/UserManager.php' (include_path='.:/usr/share/php:/usr/share/pear') in /home/UNIV-LYON1/p1402690/public_html/ptut/MVC/controleur/connexionControleur.php on line 2
[12-Jan-2017 14:14:49 Europe/Paris] PHP Warning:  include_once(deconnexionControleur.php): failed to open stream: No such file or directory in /home/UNIV-LYON1/p1402690/public_html/ptut/MVC/controleur/controleurPrincipal.php on line 22
[12-Jan-2017 14:14:49 Europe/Paris] PHP Warning:  include_once(): Failed opening 'deconnexionControleur.php' for inclusion (include_path='.:/usr/share/php:/usr/share/pear') in /home/UNIV-LYON1/p1402690/public_html/ptut/MVC/controleur/controleurPrincipal.php on line 22
[12-Jan-2017 14:18:55 Europe/Paris] PHP Notice:  Undefined variable: serveur in /home/UNIV-LYON1/p1402690/public_html/ptut/MVC/modele/Model.php on line 32
[12-Jan-2017 14:18:55 Europe/Paris] PHP Notice:  Undefined variable: base in /home/UNIV-LYON1/p1402690/public_html/ptut/MVC/modele/Model.php on line 32
[12-Jan-2017 14:18:55 Europe/Paris] PHP Notice:  Undefined variable: utilisateur in /home/UNIV-LYON1/p1402690/public_html/ptut/MVC/modele/Model.php on line 32
[12-Jan-2017 14:18:55 Europe/Paris] PHP Notice:  Undefined variable: mdp in /home/UNIV-LYON1/p1402690/public_html/ptut/MVC/modele/Model.php on line 32
[12-Jan-2017 14:18:55 Europe/Paris] PHP Fatal error:  Call to a member function exec() on a non-object in /home/UNIV-LYON1/p1402690/public_html/ptut/MVC/modele/Model.php on line 39
[12-Jan-2017 15:36:21 Europe/Paris] PHP Warning:  require_once(modele/UserManager.php): failed to open stream: No such file or directory in /home/UNIV-LYON1/p1402690/public_html/ptut/MVC/controleur/connexionControleur.php on line 2
[12-Jan-2017 15:36:21 Europe/Paris] PHP Fatal error:  require_once(): Failed opening required 'modele/UserManager.php' (include_path='.:/usr/share/php:/usr/share/pear') in /home/UNIV-LYON1/p1402690/public_html/ptut/MVC/controleur/connexionControleur.php on line 2
[12-Jan-2017 15:37:26 Europe/Paris] PHP Warning:  require_once(modele/UserManager.php): failed to open stream: No such file or directory in /home/UNIV-LYON1/p1402690/public_html/ptut/MVC/controleur/controleurUtilisateur.php on line 2
[12-Jan-2017 15:37:26 Europe/Paris] PHP Fatal error:  require_once(): Failed opening required 'modele/UserManager.php' (include_path='.:/usr/share/php:/usr/share/pear') in /home/UNIV-LYON1/p1402690/public_html/ptut/MVC/controleur/controleurUtilisateur.php on line 2
[12-Jan-2017 15:37:43 Europe/Paris] PHP Warning:  include_once(modele/UserManager.php): failed to open stream: No such file or directory in /home/UNIV-LYON1/p1402690/public_html/ptut/MVC/controleur/inscriptionControleur.php on line 2
[12-Jan-2017 15:37:43 Europe/Paris] PHP Warning:  include_once(): Failed opening 'modele/UserManager.php' for inclusion (include_path='.:/usr/share/php:/usr/share/pear') in /home/UNIV-LYON1/p1402690/public_html/ptut/MVC/controleur/inscriptionControleur.php on line 2
[12-Jan-2017 15:37:43 Europe/Paris] PHP Warning:  include_once(CommandeControleur.php): failed to open stream: No such file or directory in /home/UNIV-LYON1/p1402690/public_html/ptut/MVC/controleur/controleurPrincipal.php on line 25
[12-Jan-2017 15:37:43 Europe/Paris] PHP Warning:  include_once(): Failed opening 'CommandeControleur.php' for inclusion (include_path='.:/usr/share/php:/usr/share/pear') in /home/UNIV-LYON1/p1402690/public_html/ptut/MVC/controleur/controleurPrincipal.php on line 25
[12-Jan-2017 15:37:43 Europe/Paris] PHP Fatal error:  Class 'CommandeControleur' not found in /home/UNIV-LYON1/p1402690/public_html/ptut/MVC/controleur/controleurPrincipal.php on line 33
[12-Jan-2017 15:37:56 Europe/Paris] PHP Warning:  include_once(CommandeControleur.php): failed to open stream: No such file or directory in /home/UNIV-LYON1/p1402690/public_html/ptut/MVC/controleur/controleurPrincipal.php on line 25
[12-Jan-2017 15:37:56 Europe/Paris] PHP Warning:  include_once(): Failed opening 'CommandeControleur.php' for inclusion (include_path='.:/usr/share/php:/usr/share/pear') in /home/UNIV-LYON1/p1402690/public_html/ptut/MVC/controleur/controleurPrincipal.php on line 25
[12-Jan-2017 15:37:56 Europe/Paris] PHP Fatal error:  Class 'CommandeControleur' not found in /home/UNIV-LYON1/p1402690/public_html/ptut/MVC/controleur/controleurPrincipal.php on line 33
[12-Jan-2017 15:38:14 Europe/Paris] PHP Warning:  include_once(modele/CommandeManager.php): failed to open stream: No such file or directory in /home/UNIV-LYON1/p1402690/public_html/ptut/MVC/controleur/commandeControleur.php on line 2
[12-Jan-2017 15:38:14 Europe/Paris] PHP Warning:  include_once(): Failed opening 'modele/CommandeManager.php' for inclusion (include_path='.:/usr/share/php:/usr/share/pear') in /home/UNIV-LYON1/p1402690/public_html/ptut/MVC/controleur/commandeControleur.php on line 2
[12-Jan-2017 15:38:14 Europe/Paris] PHP Fatal error:  Class 'CommandeManager' not found in /home/UNIV-LYON1/p1402690/public_html/ptut/MVC/controleur/commandeControleur.php on line 9
[12-Jan-2017 15:38:27 Europe/Paris] PHP Parse error:  syntax error, unexpected '[' in /home/UNIV-LYON1/p1402690/public_html/ptut/MVC/modele/commandeManager.php on line 21
[12-Jan-2017 15:39:48 Europe/Paris] PHP Warning:  require_once(UserManager.php): failed to open stream: No such file or directory in /home/UNIV-LYON1/p1402690/public_html/ptut/MVC/modele/commandeManager.php on line 3
[12-Jan-2017 15:39:48 Europe/Paris] PHP Fatal error:  require_once(): Failed opening required 'UserManager.php' (include_path='.:/usr/share/php:/usr/share/pear') in /home/UNIV-LYON1/p1402690/public_html/ptut/MVC/modele/commandeManager.php on line 3
[12-Jan-2017 15:40:03 Europe/Paris] PHP Parse error:  syntax error, unexpected ')' in /home/UNIV-LYON1/p1402690/public_html/ptut/MVC/modele/BD.php on line 2
[12-Jan-2017 16:07:13 Europe/Paris] PHP Notice:  Undefined index: nbProduit in /home/UNIV-LYON1/p1402690/public_html/ptut/MVC/modele/PanierManager.php on line 79
[18-Jan-2017 08:03:33 Europe/Paris] PHP Warning:  include_once(modele/CommandeManager.php): failed to open stream: No such file or directory in /home/UNIV-LYON1/p1402690/public_html/ptut/MVC/controleur/paypalControleur.php on line 10
[18-Jan-2017 08:03:33 Europe/Paris] PHP Warning:  include_once(): Failed opening 'modele/CommandeManager.php' for inclusion (include_path='.:/usr/share/php:/usr/share/pear') in /home/UNIV-LYON1/p1402690/public_html/ptut/MVC/controleur/paypalControleur.php on line 10
[18-Jan-2017 08:09:47 Europe/Paris] PHP Fatal error:  Call to undefined method UserManager::getPseudo() in /home/UNIV-LYON1/p1402690/public_html/ptut/MVC/controleur/inscriptionControleur.php on line 45
[18-Jan-2017 09:22:48 Europe/Paris] PHP Fatal error:  Uncaught exception 'PDOException' with message 'SQLSTATE[HY000]: General error' in /home/UNIV-LYON1/p1402690/public_html/ptut/MVC/modele/ProduitManager.php:59
Stack trace:
#0 /home/UNIV-LYON1/p1402690/public_html/ptut/MVC/modele/ProduitManager.php(59): PDOStatement->fetch()
#1 /home/UNIV-LYON1/p1402690/public_html/ptut/MVC/controleur/adminControleur.php(55): ProduitManager->supprimerProduit('')
#2 /home/UNIV-LYON1/p1402690/public_html/ptut/MVC/controleur/controleurPrincipal.php(106): AdminControleur->administrer()
#3 /home/UNIV-LYON1/p1402690/public_html/ptut/MVC/index.php(3): require_once('/home/UNIV-LYON...')
#4 {main}
  thrown in /home/UNIV-LYON1/p1402690/public_html/ptut/MVC/modele/ProduitManager.php on line 59
[18-Jan-2017 09:24:13 Europe/Paris] PHP Notice:  Object of class PDOStatement could not be converted to int in /home/UNIV-LYON1/p1402690/public_html/ptut/MVC/modele/ProduitManager.php on line 63
[18-Jan-2017 09:24:53 Europe/Paris] PHP Fatal error:  Uncaught exception 'PDOException' with message 'SQLSTATE[HY000]: General error' in /home/UNIV-LYON1/p1402690/public_html/ptut/MVC/modele/ProduitManager.php:59
Stack trace:
#0 /home/UNIV-LYON1/p1402690/public_html/ptut/MVC/modele/ProduitManager.php(59): PDOStatement->fetch(2)
#1 /home/UNIV-LYON1/p1402690/public_html/ptut/MVC/controleur/adminControleur.php(55): ProduitManager->supprimerProduit('')
#2 /home/UNIV-LYON1/p1402690/public_html/ptut/MVC/controleur/controleurPrincipal.php(106): AdminControleur->administrer()
#3 /home/UNIV-LYON1/p1402690/public_html/ptut/MVC/index.php(3): require_once('/home/UNIV-LYON...')
#4 {main}
  thrown in /home/UNIV-LYON1/p1402690/public_html/ptut/MVC/modele/ProduitManager.php on line 59
[18-Jan-2017 09:25:01 Europe/Paris] PHP Fatal error:  Uncaught exception 'PDOException' with message 'SQLSTATE[HY000]: General error' in /home/UNIV-LYON1/p1402690/public_html/ptut/MVC/modele/ProduitManager.php:59
Stack trace:
#0 /home/UNIV-LYON1/p1402690/public_html/ptut/MVC/modele/ProduitManager.php(59): PDOStatement->fetchAll(2)
#1 /home/UNIV-LYON1/p1402690/public_html/ptut/MVC/controleur/adminControleur.php(55): ProduitManager->supprimerProduit('')
#2 /home/UNIV-LYON1/p1402690/public_html/ptut/MVC/controleur/controleurPrincipal.php(106): AdminControleur->administrer()
#3 /home/UNIV-LYON1/p1402690/public_html/ptut/MVC/index.php(3): require_once('/home/UNIV-LYON...')
#4 {main}
  thrown in /home/UNIV-LYON1/p1402690/public_html/ptut/MVC/modele/ProduitManager.php on line 59
[18-Jan-2017 09:26:20 Europe/Paris] PHP Parse error:  syntax error, unexpected '$prix' (T_VARIABLE) in /home/UNIV-LYON1/p1402690/public_html/ptut/MVC/modele/ProduitManager.php on line 52
[18-Jan-2017 09:39:24 Europe/Paris] PHP Parse error:  syntax error, unexpected '"numProduitControleur : "' (T_CONSTANT_ENCAPSED_STRING) in /home/UNIV-LYON1/p1402690/public_html/ptut/MVC/controleur/adminControleur.php on line 55
[18-Jan-2017 09:58:10 Europe/Paris] PHP Notice:  Undefined variable: imageProduit in /home/UNIV-LYON1/p1402690/public_html/ptut/MVC/controleur/adminControleur.php on line 52
[18-Jan-2017 09:58:10 Europe/Paris] PHP Notice:  Undefined variable: imageProduit in /home/UNIV-LYON1/p1402690/public_html/ptut/MVC/controleur/adminControleur.php on line 52
[18-Jan-2017 09:58:10 Europe/Paris] PHP Notice:  Undefined variable: imageProduit in /home/UNIV-LYON1/p1402690/public_html/ptut/MVC/controleur/adminControleur.php on line 52
[18-Jan-2017 09:58:10 Europe/Paris] PHP Fatal error:  Cannot use object of type PDOStatement as array in /home/UNIV-LYON1/p1402690/public_html/ptut/MVC/modele/ProduitManager.php on line 74
[18-Jan-2017 09:59:29 Europe/Paris] PHP Fatal error:  Cannot use object of type PDOStatement as array in /home/UNIV-LYON1/p1402690/public_html/ptut/MVC/modele/ProduitManager.php on line 74
[18-Jan-2017 10:00:44 Europe/Paris] PHP Notice:  Undefined variable: requete in /home/UNIV-LYON1/p1402690/public_html/ptut/MVC/modele/ProduitManager.php on line 75
[18-Jan-2017 10:01:01 Europe/Paris] PHP Notice:  Undefined index: numImage in /home/UNIV-LYON1/p1402690/public_html/ptut/MVC/modele/ProduitManager.php on line 75
[18-Jan-2017 10:01:36 Europe/Paris] PHP Notice:  Undefined index: numImage in /home/UNIV-LYON1/p1402690/public_html/ptut/MVC/modele/ProduitManager.php on line 76
[18-Jan-2017 10:14:26 Europe/Paris] PHP Fatal error:  Uncaught exception 'PDOException' with message 'SQLSTATE[HY000]: General error' in /home/UNIV-LYON1/p1402690/public_html/ptut/MVC/modele/ProduitManager.php:76
Stack trace:
#0 /home/UNIV-LYON1/p1402690/public_html/ptut/MVC/modele/ProduitManager.php(76): PDOStatement->fetchAll(2)
#1 /home/UNIV-LYON1/p1402690/public_html/ptut/MVC/controleur/adminControleur.php(52): ProduitManager->modifierProduit('1', 'Sushi noss', 'Sushi au saumon', 'Sushi', '10', NULL, NULL, NULL)
#2 /home/UNIV-LYON1/p1402690/public_html/ptut/MVC/controleur/controleurPrincipal.php(106): AdminControleur->administrer()
#3 /home/UNIV-LYON1/p1402690/public_html/ptut/MVC/index.php(3): require_once('/home/UNIV-LYON...')
#4 {main}
  thrown in /home/UNIV-LYON1/p1402690/public_html/ptut/MVC/modele/ProduitManager.php on line 76
[18-Jan-2017 10:33:48 Europe/Paris] PHP Fatal error:  Call to a member function exec() on a non-object in /home/UNIV-LYON1/p1402690/public_html/ptut/MVC/modele/Model.php on line 39
[18-Jan-2017 10:33:58 Europe/Paris] PHP Fatal error:  Call to a member function exec() on a non-object in /home/UNIV-LYON1/p1402690/public_html/ptut/MVC/modele/Model.php on line 39
[18-Jan-2017 10:34:09 Europe/Paris] PHP Fatal error:  Call to a member function exec() on a non-object in /home/UNIV-LYON1/p1402690/public_html/ptut/MVC/modele/Model.php on line 39
[18-Jan-2017 10:34:10 Europe/Paris] PHP Fatal error:  Call to a member function exec() on a non-object in /home/UNIV-LYON1/p1402690/public_html/ptut/MVC/modele/Model.php on line 39
[18-Jan-2017 10:34:11 Europe/Paris] PHP Fatal error:  Call to a member function exec() on a non-object in /home/UNIV-LYON1/p1402690/public_html/ptut/MVC/modele/Model.php on line 39
[18-Jan-2017 10:34:22 Europe/Paris] PHP Fatal error:  Call to a member function exec() on a non-object in /home/UNIV-LYON1/p1402690/public_html/ptut/MVC/modele/Model.php on line 39
[18-Jan-2017 10:34:23 Europe/Paris] PHP Fatal error:  Call to a member function exec() on a non-object in /home/UNIV-LYON1/p1402690/public_html/ptut/MVC/modele/Model.php on line 39
[18-Jan-2017 10:34:24 Europe/Paris] PHP Fatal error:  Call to a member function exec() on a non-object in /home/UNIV-LYON1/p1402690/public_html/ptut/MVC/modele/Model.php on line 39
[18-Jan-2017 10:34:24 Europe/Paris] PHP Fatal error:  Call to a member function exec() on a non-object in /home/UNIV-LYON1/p1402690/public_html/ptut/MVC/modele/Model.php on line 39
[18-Jan-2017 10:34:25 Europe/Paris] PHP Fatal error:  Call to a member function exec() on a non-object in /home/UNIV-LYON1/p1402690/public_html/ptut/MVC/modele/Model.php on line 39
[18-Jan-2017 10:34:25 Europe/Paris] PHP Fatal error:  Call to a member function exec() on a non-object in /home/UNIV-LYON1/p1402690/public_html/ptut/MVC/modele/Model.php on line 39
[18-Jan-2017 10:34:26 Europe/Paris] PHP Fatal error:  Call to a member function exec() on a non-object in /home/UNIV-LYON1/p1402690/public_html/ptut/MVC/modele/Model.php on line 39
[18-Jan-2017 10:34:26 Europe/Paris] PHP Fatal error:  Call to a member function exec() on a non-object in /home/UNIV-LYON1/p1402690/public_html/ptut/MVC/modele/Model.php on line 39
[18-Jan-2017 10:34:27 Europe/Paris] PHP Fatal error:  Call to a member function exec() on a non-object in /home/UNIV-LYON1/p1402690/public_html/ptut/MVC/modele/Model.php on line 39
[18-Jan-2017 10:34:27 Europe/Paris] PHP Fatal error:  Call to a member function exec() on a non-object in /home/UNIV-LYON1/p1402690/public_html/ptut/MVC/modele/Model.php on line 39
[18-Jan-2017 10:34:28 Europe/Paris] PHP Fatal error:  Call to a member function exec() on a non-object in /home/UNIV-LYON1/p1402690/public_html/ptut/MVC/modele/Model.php on line 39
[18-Jan-2017 10:34:29 Europe/Paris] PHP Fatal error:  Call to a member function exec() on a non-object in /home/UNIV-LYON1/p1402690/public_html/ptut/MVC/modele/Model.php on line 39
[18-Jan-2017 10:34:29 Europe/Paris] PHP Fatal error:  Call to a member function exec() on a non-object in /home/UNIV-LYON1/p1402690/public_html/ptut/MVC/modele/Model.php on line 39
[18-Jan-2017 10:34:29 Europe/Paris] PHP Fatal error:  Call to a member function exec() on a non-object in /home/UNIV-LYON1/p1402690/public_html/ptut/MVC/modele/Model.php on line 39
[18-Jan-2017 10:34:29 Europe/Paris] PHP Fatal error:  Call to a member function exec() on a non-object in /home/UNIV-LYON1/p1402690/public_html/ptut/MVC/modele/Model.php on line 39
[18-Jan-2017 10:34:29 Europe/Paris] PHP Fatal error:  Call to a member function exec() on a non-object in /home/UNIV-LYON1/p1402690/public_html/ptut/MVC/modele/Model.php on line 39
[18-Jan-2017 10:34:30 Europe/Paris] PHP Fatal error:  Call to a member function exec() on a non-object in /home/UNIV-LYON1/p1402690/public_html/ptut/MVC/modele/Model.php on line 39
[18-Jan-2017 10:34:30 Europe/Paris] PHP Fatal error:  Call to a member function exec() on a non-object in /home/UNIV-LYON1/p1402690/public_html/ptut/MVC/modele/Model.php on line 39
[18-Jan-2017 10:34:30 Europe/Paris] PHP Fatal error:  Call to a member function exec() on a non-object in /home/UNIV-LYON1/p1402690/public_html/ptut/MVC/modele/Model.php on line 39
[18-Jan-2017 10:34:31 Europe/Paris] PHP Fatal error:  Call to a member function exec() on a non-object in /home/UNIV-LYON1/p1402690/public_html/ptut/MVC/modele/Model.php on line 39
[18-Jan-2017 10:34:31 Europe/Paris] PHP Fatal error:  Call to a member function exec() on a non-object in /home/UNIV-LYON1/p1402690/public_html/ptut/MVC/modele/Model.php on line 39
[18-Jan-2017 10:34:31 Europe/Paris] PHP Fatal error:  Call to a member function exec() on a non-object in /home/UNIV-LYON1/p1402690/public_html/ptut/MVC/modele/Model.php on line 39
[18-Jan-2017 10:34:31 Europe/Paris] PHP Fatal error:  Call to a member function exec() on a non-object in /home/UNIV-LYON1/p1402690/public_html/ptut/MVC/modele/Model.php on line 39
[18-Jan-2017 10:34:31 Europe/Paris] PHP Fatal error:  Call to a member function exec() on a non-object in /home/UNIV-LYON1/p1402690/public_html/ptut/MVC/modele/Model.php on line 39
[18-Jan-2017 10:34:31 Europe/Paris] PHP Fatal error:  Call to a member function exec() on a non-object in /home/UNIV-LYON1/p1402690/public_html/ptut/MVC/modele/Model.php on line 39
[18-Jan-2017 10:34:32 Europe/Paris] PHP Fatal error:  Call to a member function exec() on a non-object in /home/UNIV-LYON1/p1402690/public_html/ptut/MVC/modele/Model.php on line 39
[18-Jan-2017 10:34:32 Europe/Paris] PHP Fatal error:  Call to a member function exec() on a non-object in /home/UNIV-LYON1/p1402690/public_html/ptut/MVC/modele/Model.php on line 39
[18-Jan-2017 10:34:32 Europe/Paris] PHP Fatal error:  Call to a member function exec() on a non-object in /home/UNIV-LYON1/p1402690/public_html/ptut/MVC/modele/Model.php on line 39
[18-Jan-2017 10:34:32 Europe/Paris] PHP Fatal error:  Call to a member function exec() on a non-object in /home/UNIV-LYON1/p1402690/public_html/ptut/MVC/modele/Model.php on line 39
[18-Jan-2017 10:34:32 Europe/Paris] PHP Fatal error:  Call to a member function exec() on a non-object in /home/UNIV-LYON1/p1402690/public_html/ptut/MVC/modele/Model.php on line 39
[18-Jan-2017 10:34:32 Europe/Paris] PHP Fatal error:  Call to a member function exec() on a non-object in /home/UNIV-LYON1/p1402690/public_html/ptut/MVC/modele/Model.php on line 39
[18-Jan-2017 10:34:32 Europe/Paris] PHP Fatal error:  Call to a member function exec() on a non-object in /home/UNIV-LYON1/p1402690/public_html/ptut/MVC/modele/Model.php on line 39
[18-Jan-2017 10:34:32 Europe/Paris] PHP Fatal error:  Call to a member function exec() on a non-object in /home/UNIV-LYON1/p1402690/public_html/ptut/MVC/modele/Model.php on line 39
[18-Jan-2017 10:34:32 Europe/Paris] PHP Fatal error:  Call to a member function exec() on a non-object in /home/UNIV-LYON1/p1402690/public_html/ptut/MVC/modele/Model.php on line 39
[18-Jan-2017 10:34:32 Europe/Paris] PHP Fatal error:  Call to a member function exec() on a non-object in /home/UNIV-LYON1/p1402690/public_html/ptut/MVC/modele/Model.php on line 39
[18-Jan-2017 10:34:32 Europe/Paris] PHP Fatal error:  Call to a member function exec() on a non-object in /home/UNIV-LYON1/p1402690/public_html/ptut/MVC/modele/Model.php on line 39
[18-Jan-2017 10:34:32 Europe/Paris] PHP Fatal error:  Call to a member function exec() on a non-object in /home/UNIV-LYON1/p1402690/public_html/ptut/MVC/modele/Model.php on line 39
[18-Jan-2017 10:34:32 Europe/Paris] PHP Fatal error:  Call to a member function exec() on a non-object in /home/UNIV-LYON1/p1402690/public_html/ptut/MVC/modele/Model.php on line 39
[18-Jan-2017 10:34:32 Europe/Paris] PHP Fatal error:  Call to a member function exec() on a non-object in /home/UNIV-LYON1/p1402690/public_html/ptut/MVC/modele/Model.php on line 39
[18-Jan-2017 10:34:33 Europe/Paris] PHP Fatal error:  Call to a member function exec() on a non-object in /home/UNIV-LYON1/p1402690/public_html/ptut/MVC/modele/Model.php on line 39
[18-Jan-2017 10:34:33 Europe/Paris] PHP Fatal error:  Call to a member function exec() on a non-object in /home/UNIV-LYON1/p1402690/public_html/ptut/MVC/modele/Model.php on line 39
[18-Jan-2017 10:34:33 Europe/Paris] PHP Fatal error:  Call to a member function exec() on a non-object in /home/UNIV-LYON1/p1402690/public_html/ptut/MVC/modele/Model.php on line 39
[18-Jan-2017 10:34:33 Europe/Paris] PHP Fatal error:  Call to a member function exec() on a non-object in /home/UNIV-LYON1/p1402690/public_html/ptut/MVC/modele/Model.php on line 39
[18-Jan-2017 10:34:33 Europe/Paris] PHP Fatal error:  Call to a member function exec() on a non-object in /home/UNIV-LYON1/p1402690/public_html/ptut/MVC/modele/Model.php on line 39
[18-Jan-2017 10:34:33 Europe/Paris] PHP Fatal error:  Call to a member function exec() on a non-object in /home/UNIV-LYON1/p1402690/public_html/ptut/MVC/modele/Model.php on line 39
[18-Jan-2017 10:34:33 Europe/Paris] PHP Fatal error:  Call to a member function exec() on a non-object in /home/UNIV-LYON1/p1402690/public_html/ptut/MVC/modele/Model.php on line 39
[18-Jan-2017 10:34:33 Europe/Paris] PHP Fatal error:  Call to a member function exec() on a non-object in /home/UNIV-LYON1/p1402690/public_html/ptut/MVC/modele/Model.php on line 39
[18-Jan-2017 10:34:33 Europe/Paris] PHP Fatal error:  Call to a member function exec() on a non-object in /home/UNIV-LYON1/p1402690/public_html/ptut/MVC/modele/Model.php on line 39
