[09-Nov-2016 09:57:57 Europe/Paris] PHP Notice:  Undefined index: numClient in /home/UNIV-LYON1/p1503940/public_html/ptut/controleur/connexion/index.php on line 16
[09-Nov-2016 10:00:13 Europe/Paris] PHP Notice:  Undefined index: numClient in /home/UNIV-LYON1/p1503940/public_html/ptut/controleur/connexion/index.php on line 16
[09-Nov-2016 10:01:32 Europe/Paris] PHP Notice:  Undefined index: numClient in /home/UNIV-LYON1/p1503940/public_html/ptut/controleur/connexion/index.php on line 16
[10-Nov-2016 10:03:51 Europe/Paris] PHP Notice:  Undefined index: numClient in /home/UNIV-LYON1/p1503940/public_html/ptut/controleur/connexion/index.php on line 16
[10-Nov-2016 10:06:53 Europe/Paris] PHP Notice:  Undefined index: numClient in /home/UNIV-LYON1/p1503940/public_html/ptut/controleur/connexion/index.php on line 16
[10-Nov-2016 10:08:42 Europe/Paris] PHP Notice:  Undefined index: numClient in /home/UNIV-LYON1/p1503940/public_html/ptut/controleur/connexion/index.php on line 16
[10-Nov-2016 10:27:52 Europe/Paris] PHP Notice:  Undefined index: numClient in /home/UNIV-LYON1/p1503940/public_html/ptut/controleur/connexion/index.php on line 16
[22-Nov-2016 13:49:43 Europe/Paris] PHP Fatal error:  Call to undefined function executerRequete() in /home/UNIV-LYON1/p1503940/public_html/ptut/modele/connexion/ConnexionModel.php on line 7
[22-Nov-2016 13:50:48 Europe/Paris] PHP Fatal error:  Call to undefined function executerRequete() in /home/UNIV-LYON1/p1503940/public_html/ptut/modele/carte/CarteModel.php on line 7
[22-Nov-2016 13:51:23 Europe/Paris] PHP Fatal error:  Call to undefined function executerRequete() in /home/UNIV-LYON1/p1503940/public_html/ptut/modele/carte/CarteModel.php on line 7
[22-Nov-2016 13:51:35 Europe/Paris] PHP Fatal error:  Call to undefined function executerRequete() in /home/UNIV-LYON1/p1503940/public_html/ptut/modele/carte/CarteModel.php on line 7
[23-Nov-2016 09:37:43 Europe/Paris] PHP Fatal error:  Call to undefined function executerRequete() in /home/UNIV-LYON1/p1503940/public_html/ptut/modele/carte/CarteModel.php on line 7
[23-Nov-2016 09:44:04 Europe/Paris] PHP Fatal error:  Call to undefined function executerRequete() in /home/UNIV-LYON1/p1503940/public_html/ptut/modele/carte/CarteModel.php on line 7
[23-Nov-2016 09:44:14 Europe/Paris] PHP Fatal error:  Call to undefined function executerRequete() in /home/UNIV-LYON1/p1503940/public_html/ptut/modele/carte/CarteModel.php on line 7
[23-Nov-2016 09:45:25 Europe/Paris] PHP Fatal error:  Call to undefined function executerRequete() in /home/UNIV-LYON1/p1503940/public_html/ptut/modele/carte/CarteModel.php on line 9
[23-Nov-2016 09:45:27 Europe/Paris] PHP Fatal error:  Call to undefined function executerRequete() in /home/UNIV-LYON1/p1503940/public_html/ptut/modele/carte/CarteModel.php on line 9
[23-Nov-2016 09:45:27 Europe/Paris] PHP Fatal error:  Call to undefined function executerRequete() in /home/UNIV-LYON1/p1503940/public_html/ptut/modele/carte/CarteModel.php on line 9
[23-Nov-2016 09:45:27 Europe/Paris] PHP Fatal error:  Call to undefined function executerRequete() in /home/UNIV-LYON1/p1503940/public_html/ptut/modele/carte/CarteModel.php on line 9
[24-Nov-2016 10:05:54 Europe/Paris] PHP Fatal error:  Uncaught exception 'PDOException' with message 'SQLSTATE[23000]: Integrity constraint violation: 1062 Duplicate entry '0' for key 'PRIMARY'' in /home/UNIV-LYON1/p1503940/public_html/ptut/modele/Model.php:18
Stack trace:
#0 /home/UNIV-LYON1/p1503940/public_html/ptut/modele/Model.php(18): PDOStatement->execute(Array)
#1 /home/UNIV-LYON1/p1503940/public_html/ptut/modele/inscription/InscriptionModel.php(7): Model->executerRequete('insert into uti...', Array)
#2 /home/UNIV-LYON1/p1503940/public_html/ptut/controleur/inscription/index.php(47): InscriptionModel->inscription('axel', '7110eda4d09e062...', 'axel@axel.fr')
#3 /home/UNIV-LYON1/p1503940/public_html/ptut/inscription.php(7): include('/home/UNIV-LYON...')
#4 {main}
  thrown in /home/UNIV-LYON1/p1503940/public_html/ptut/modele/Model.php on line 18
[24-Nov-2016 10:13:34 Europe/Paris] PHP Fatal error:  Uncaught exception 'PDOException' with message 'SQLSTATE[42S22]: Column not found: 1054 Unknown column 'email' in 'field list'' in /home/UNIV-LYON1/p1503940/public_html/ptut/modele/Model.php:18
Stack trace:
#0 /home/UNIV-LYON1/p1503940/public_html/ptut/modele/Model.php(18): PDOStatement->execute(Array)
#1 /home/UNIV-LYON1/p1503940/public_html/ptut/modele/inscription/InscriptionModel.php(7): Model->executerRequete('insert into uti...', Array)
#2 /home/UNIV-LYON1/p1503940/public_html/ptut/controleur/inscription/index.php(47): InscriptionModel->inscription('axel', '7110eda4d09e062...', 'axel@axel.fr')
#3 /home/UNIV-LYON1/p1503940/public_html/ptut/inscription.php(7): include('/home/UNIV-LYON...')
#4 {main}
  thrown in /home/UNIV-LYON1/p1503940/public_html/ptut/modele/Model.php on line 18
[24-Nov-2016 10:13:47 Europe/Paris] PHP Fatal error:  Uncaught exception 'PDOException' with message 'SQLSTATE[42S22]: Column not found: 1054 Unknown column 'email' in 'field list'' in /home/UNIV-LYON1/p1503940/public_html/ptut/modele/Model.php:18
Stack trace:
#0 /home/UNIV-LYON1/p1503940/public_html/ptut/modele/Model.php(18): PDOStatement->execute(Array)
#1 /home/UNIV-LYON1/p1503940/public_html/ptut/modele/inscription/InscriptionModel.php(7): Model->executerRequete('insert into uti...', Array)
#2 /home/UNIV-LYON1/p1503940/public_html/ptut/controleur/inscription/index.php(47): InscriptionModel->inscription('axel', '7110eda4d09e062...', 'axel@axel.fr')
#3 /home/UNIV-LYON1/p1503940/public_html/ptut/inscription.php(7): include('/home/UNIV-LYON...')
#4 {main}
  thrown in /home/UNIV-LYON1/p1503940/public_html/ptut/modele/Model.php on line 18
[24-Nov-2016 10:52:46 Europe/Paris] PHP Notice:  Undefined index: numClient in /home/UNIV-LYON1/p1503940/public_html/ptut/controleur/connexion/index.php on line 18
[24-Nov-2016 11:08:03 Europe/Paris] PHP Notice:  Undefined index: numClient in /home/UNIV-LYON1/p1503940/public_html/ptut/controleur/connexion/index.php on line 18
[24-Nov-2016 11:18:48 Europe/Paris] PHP Notice:  Undefined variable: serveur in /home/UNIV-LYON1/p1503940/public_html/ptut/modele/Model.php on line 31
[24-Nov-2016 11:18:48 Europe/Paris] PHP Notice:  Undefined variable: base in /home/UNIV-LYON1/p1503940/public_html/ptut/modele/Model.php on line 31
[24-Nov-2016 11:18:48 Europe/Paris] PHP Notice:  Undefined variable: utilisateur in /home/UNIV-LYON1/p1503940/public_html/ptut/modele/Model.php on line 31
[24-Nov-2016 11:18:48 Europe/Paris] PHP Notice:  Undefined variable: mdp in /home/UNIV-LYON1/p1503940/public_html/ptut/modele/Model.php on line 31
[24-Nov-2016 11:18:48 Europe/Paris] PHP Fatal error:  Call to a member function exec() on a non-object in /home/UNIV-LYON1/p1503940/public_html/ptut/modele/Model.php on line 38
[24-Nov-2016 11:20:31 Europe/Paris] PHP Parse error:  syntax error, unexpected '<' in /home/UNIV-LYON1/p1503940/public_html/ptut/index.php on line 35
[24-Nov-2016 11:21:27 Europe/Paris] PHP Notice:  Undefined index: numClient in /home/UNIV-LYON1/p1503940/public_html/ptut/controleur/connexion/index.php on line 18
